<?xml version="1.0" encoding="UTF-8"?>
<!-- Generated by org.testng.reporters.JUnitXMLReporter -->
<testsuite hostname="AmbidextrousDen" name="Test" tests="4" failures="0" timestamp="31 Jul 2019 08:41:45 GMT" time="55.212" errors="0">
  <testcase name="orangehrm" time="20.142" classname="uiTest.HrmAddemployeeTest"/>
  <testcase name="orangehrm" time="32.351" classname="uiTest.HrmAddemployeeTest">
    <failure/>
  </testcase> <!-- orangehrm -->
  <testcase name="getPlaceAPI" time="1.946" classname="apiTest.GetTestAPI"/>
  <testcase name="f" time="0.573" classname="dbTest.Dbtest"/>
</testsuite> <!-- Test -->
